<?xml version="1.0" encoding="UTF-8"?>
<!-- Generated by org.testng.reporters.JUnitReportReporter -->
<testsuite skipped="0" hostname="hi-PC" name="com.testng.DataProviders" tests="3" failures="0" timestamp="05 Jun 2020 08:31:34 GMT" time="0.025" errors="0">
  <testcase name="testMethod1" time="0.020" classname="com.testng.DataProviders"/>
  <testcase name="testMethod1" time="0.005" classname="com.testng.DataProviders"/>
  <testcase name="testMethod1" time="0.000" classname="com.testng.DataProviders"/>
</testsuite> <!-- com.testng.DataProviders -->
