<?xml version="1.0" encoding="UTF-8"?>
<!-- Generated by org.testng.reporters.JUnitReportReporter -->
<testsuite skipped="0" hostname="hi-PC" name="com.testng.NewTest3" tests="3" failures="0" timestamp="02 Jun 2020 09:31:23 GMT" time="0.018" errors="0">
  <testcase name="testNano" time="0.002" classname="com.testng.NewTest3"/>
  <testcase name="testAudi" time="0.014" classname="com.testng.NewTest3"/>
  <testcase name="testHonda" time="0.002" classname="com.testng.NewTest3"/>
</testsuite> <!-- com.testng.NewTest3 -->
