<?xml version="1.0" encoding="UTF-8"?>
<!-- Generated by org.testng.reporters.JUnitReportReporter -->
<testsuite skipped="0" hostname="hi-PC" name="com.testng.NewTest" tests="3" failures="0" timestamp="02 Jun 2020 09:05:30 GMT" time="0.031" errors="0">
  <testcase name="testHonda" time="0.016" classname="com.testng.NewTest"/>
  <testcase name="testNano" time="0.000" classname="com.testng.NewTest"/>
  <testcase name="testAudi" time="0.015" classname="com.testng.NewTest"/>
</testsuite> <!-- com.testng.NewTest -->
