<?xml version="1.0" encoding="UTF-8"?>
<!-- Generated by org.testng.reporters.JUnitReportReporter -->
<testsuite skipped="0" hostname="hi-PC" name="com.testng.NewTest2" tests="2" failures="0" timestamp="02 Jun 2020 09:12:46 GMT" time="0.031" errors="0">
  <testcase name="testHonda" time="0.031" classname="com.testng.NewTest2"/>
  <testcase name="testNano" time="0.000" classname="com.testng.NewTest2"/>
</testsuite> <!-- com.testng.NewTest2 -->
